# JRE version: OpenJDK Runtime Environment Temurin-21.0.8+9 (21.0.8+9) (build 21.0.8+9-LTS)
# Java VM: OpenJDK 64-Bit Server VM Temurin-21.0.8+9 (21.0.8+9-LTS, mixed mode, sharing, tiered, compressed oops, compressed class ptrs, parallel gc, windows-amd64)
GC Precious Log:
 CardTable entry size: 512
 CPUs: 8 total, 8 available
 Memory: 16190M
 Large Page Support: Disabled
 NUMA Support: Disabled
 Compressed Oops: Enabled (32-bit)
 Alignments: Space 512K, Generation 512K, Heap 2M
 Heap Min Capacity: 100M
 Heap Initial Capacity: 100M
 Heap Max Capacity: 2G
 Pre-touch: Disabled
 Parallel Workers: 8
Heap:
 PSYoungGen      total 7680K, used 3600K [0x00000000d5580000, 0x00000000d6100000, 0x0000000100000000)
  eden space 7168K, 43% used [0x00000000d5580000,0x00000000d58857f8,0x00000000d5c80000)
  from space 512K, 98% used [0x00000000d5e80000,0x00000000d5efe910,0x00000000d5f00000)
  to   space 2048K, 0% used [0x00000000d5c80000,0x00000000d5c80000,0x00000000d5e80000)
 ParOldGen       total 142848K, used 119757K [0x0000000080000000, 0x0000000088b80000, 0x00000000d5580000)
  object space 142848K, 83% used [0x0000000080000000,0x00000000874f34f8,0x0000000088b80000)
 Metaspace       used 66227K, committed 67776K, reserved 1114112K
  class space    used 6934K, committed 7616K, reserved 1048576K
GC Heap History (20 events):
Event: 36.866 GC heap before
{Heap before GC invocations=140 (full 3):
 PSYoungGen      total 8192K, used 8123K [0x00000000d5580000, 0x00000000d6080000, 0x0000000100000000)
  eden space 7680K, 99% used [0x00000000d5580000,0x00000000d5cf4aa0,0x00000000d5d00000)
  from space 512K, 95% used [0x00000000d5e80000,0x00000000d5efa400,0x00000000d5f00000)
  to   space 1536K, 0% used [0x00000000d5d00000,0x00000000d5d00000,0x00000000d5e80000)
 ParOldGen       total 142848K, used 114654K [0x0000000080000000, 0x0000000088b80000, 0x00000000d5580000)
  object space 142848K, 80% used [0x0000000080000000,0x0000000086ff79a0,0x0000000088b80000)
 Metaspace       used 61381K, committed 62848K, reserved 1114112K
  class space    used 6511K, committed 7104K, reserved 1048576K
}
Event: 36.867 GC heap after
{Heap after GC invocations=140 (full 3):
 PSYoungGen      total 8192K, used 506K [0x00000000d5580000, 0x00000000d5f00000, 0x0000000100000000)
  eden space 7680K, 0% used [0x00000000d5580000,0x00000000d5580000,0x00000000d5d00000)
  from space 512K, 98% used [0x00000000d5d00000,0x00000000d5d7e8d0,0x00000000d5d80000)
  to   space 1024K, 0% used [0x00000000d5e00000,0x00000000d5e00000,0x00000000d5f00000)
 ParOldGen       total 142848K, used 115022K [0x0000000080000000, 0x0000000088b80000, 0x00000000d5580000)
  object space 142848K, 80% used [0x0000000080000000,0x00000000870538b0,0x0000000088b80000)
 Metaspace       used 61381K, committed 62848K, reserved 1114112K
  class space    used 6511K, committed 7104K, reserved 1048576K
}
Event: 37.009 GC heap before
{Heap before GC invocations=141 (full 3):
 PSYoungGen      total 8192K, used 8186K [0x00000000d5580000, 0x00000000d5f00000, 0x0000000100000000)
  eden space 7680K, 100% used [0x00000000d5580000,0x00000000d5d00000,0x00000000d5d00000)
  from space 512K, 98% used [0x00000000d5d00000,0x00000000d5d7e8d0,0x00000000d5d80000)
  to   space 1024K, 0% used [0x00000000d5e00000,0x00000000d5e00000,0x00000000d5f00000)
 ParOldGen       total 142848K, used 115022K [0x0000000080000000, 0x0000000088b80000, 0x00000000d5580000)
  object space 142848K, 80% used [0x0000000080000000,0x00000000870538b0,0x0000000088b80000)
 Metaspace       used 61754K, committed 63232K, reserved 1114112K
  class space    used 6552K, committed 7168K, reserved 1048576K
}
Event: 37.011 GC heap after
{Heap after GC invocations=141 (full 3):
 PSYoungGen      total 8704K, used 841K [0x00000000d5580000, 0x00000000d5f00000, 0x0000000100000000)
  eden space 7680K, 0% used [0x00000000d5580000,0x00000000d5580000,0x00000000d5d00000)
  from space 1024K, 82% used [0x00000000d5e00000,0x00000000d5ed26c8,0x00000000d5f00000)
  to   space 1024K, 0% used [0x00000000d5d00000,0x00000000d5d00000,0x00000000d5e00000)
 ParOldGen       total 142848K, used 115318K [0x0000000080000000, 0x0000000088b80000, 0x00000000d5580000)
  object space 142848K, 80% used [0x0000000080000000,0x000000008709d8d0,0x0000000088b80000)
 Metaspace       used 61754K, committed 63232K, reserved 1114112K
  class space    used 6552K, committed 7168K, reserved 1048576K
}
Event: 37.215 GC heap before
{Heap before GC invocations=142 (full 3):
 PSYoungGen      total 8704K, used 8521K [0x00000000d5580000, 0x00000000d5f00000, 0x0000000100000000)
  eden space 7680K, 100% used [0x00000000d5580000,0x00000000d5d00000,0x00000000d5d00000)
  from space 1024K, 82% used [0x00000000d5e00000,0x00000000d5ed26c8,0x00000000d5f00000)
  to   space 1024K, 0% used [0x00000000d5d00000,0x00000000d5d00000,0x00000000d5e00000)
 ParOldGen       total 142848K, used 115318K [0x0000000080000000, 0x0000000088b80000, 0x00000000d5580000)
  object space 142848K, 80% used [0x0000000080000000,0x000000008709d8d0,0x0000000088b80000)
 Metaspace       used 62204K, committed 63616K, reserved 1114112K
  class space    used 6581K, committed 7168K, reserved 1048576K
}
Event: 37.220 GC heap after
{Heap after GC invocations=142 (full 3):
 PSYoungGen      total 8704K, used 998K [0x00000000d5580000, 0x00000000d6100000, 0x0000000100000000)
  eden space 7680K, 0% used [0x00000000d5580000,0x00000000d5580000,0x00000000d5d00000)
  from space 1024K, 97% used [0x00000000d5d00000,0x00000000d5df9af0,0x00000000d5e00000)
  to   space 2048K, 0% used [0x00000000d5f00000,0x00000000d5f00000,0x00000000d6100000)
 ParOldGen       total 142848K, used 115946K [0x0000000080000000, 0x0000000088b80000, 0x00000000d5580000)
  object space 142848K, 81% used [0x0000000080000000,0x000000008713a898,0x0000000088b80000)
 Metaspace       used 62204K, committed 63616K, reserved 1114112K
  class space    used 6581K, committed 7168K, reserved 1048576K
}
Event: 37.435 GC heap before
{Heap before GC invocations=143 (full 3):
 PSYoungGen      total 8704K, used 8658K [0x00000000d5580000, 0x00000000d6100000, 0x0000000100000000)
  eden space 7680K, 99% used [0x00000000d5580000,0x00000000d5cfaf50,0x00000000d5d00000)
  from space 1024K, 97% used [0x00000000d5d00000,0x00000000d5df9af0,0x00000000d5e00000)
  to   space 2048K, 0% used [0x00000000d5f00000,0x00000000d5f00000,0x00000000d6100000)
 ParOldGen       total 142848K, used 115946K [0x0000000080000000, 0x0000000088b80000, 0x00000000d5580000)
  object space 142848K, 81% used [0x0000000080000000,0x000000008713a898,0x0000000088b80000)
 Metaspace       used 63046K, committed 64576K, reserved 1114112K
  class space    used 6670K, committed 7296K, reserved 1048576K
}
Event: 37.439 GC heap after
{Heap after GC invocations=143 (full 3):
 PSYoungGen      total 8704K, used 995K [0x00000000d5580000, 0x00000000d6000000, 0x0000000100000000)
  eden space 7680K, 0% used [0x00000000d5580000,0x00000000d5580000,0x00000000d5d00000)
  from space 1024K, 97% used [0x00000000d5f00000,0x00000000d5ff8c00,0x00000000d6000000)
  to   space 1536K, 0% used [0x00000000d5d00000,0x00000000d5d00000,0x00000000d5e80000)
 ParOldGen       total 142848K, used 116848K [0x0000000080000000, 0x0000000088b80000, 0x00000000d5580000)
  object space 142848K, 81% used [0x0000000080000000,0x000000008721c188,0x0000000088b80000)
 Metaspace       used 63046K, committed 64576K, reserved 1114112K
  class space    used 6670K, committed 7296K, reserved 1048576K
}
Event: 37.666 GC heap before
{Heap before GC invocations=144 (full 3):
 PSYoungGen      total 8704K, used 8675K [0x00000000d5580000, 0x00000000d6000000, 0x0000000100000000)
  eden space 7680K, 100% used [0x00000000d5580000,0x00000000d5d00000,0x00000000d5d00000)
  from space 1024K, 97% used [0x00000000d5f00000,0x00000000d5ff8c00,0x00000000d6000000)
  to   space 1536K, 0% used [0x00000000d5d00000,0x00000000d5d00000,0x00000000d5e80000)
 ParOldGen       total 142848K, used 116848K [0x0000000080000000, 0x0000000088b80000, 0x00000000d5580000)
  object space 142848K, 81% used [0x0000000080000000,0x000000008721c188,0x0000000088b80000)
 Metaspace       used 63644K, committed 65216K, reserved 1114112K
  class space    used 6743K, committed 7424K, reserved 1048576K
}
Event: 37.669 GC heap after
{Heap after GC invocations=144 (full 3):
 PSYoungGen      total 9216K, used 567K [0x00000000d5580000, 0x00000000d5f80000, 0x0000000100000000)
  eden space 7680K, 0% used [0x00000000d5580000,0x00000000d5580000,0x00000000d5d00000)
  from space 1536K, 36% used [0x00000000d5d00000,0x00000000d5d8dc68,0x00000000d5e80000)
  to   space 1024K, 0% used [0x00000000d5e80000,0x00000000d5e80000,0x00000000d5f80000)
 ParOldGen       total 142848K, used 117668K [0x0000000080000000, 0x0000000088b80000, 0x00000000d5580000)
  object space 142848K, 82% used [0x0000000080000000,0x00000000872e9178,0x0000000088b80000)
 Metaspace       used 63644K, committed 65216K, reserved 1114112K
  class space    used 6743K, committed 7424K, reserved 1048576K
}
Event: 37.853 GC heap before
{Heap before GC invocations=145 (full 3):
 PSYoungGen      total 9216K, used 8247K [0x00000000d5580000, 0x00000000d5f80000, 0x0000000100000000)
  eden space 7680K, 100% used [0x00000000d5580000,0x00000000d5d00000,0x00000000d5d00000)
  from space 1536K, 36% used [0x00000000d5d00000,0x00000000d5d8dc68,0x00000000d5e80000)
  to   space 1024K, 0% used [0x00000000d5e80000,0x00000000d5e80000,0x00000000d5f80000)
 ParOldGen       total 142848K, used 117668K [0x0000000080000000, 0x0000000088b80000, 0x00000000d5580000)
  object space 142848K, 82% used [0x0000000080000000,0x00000000872e9178,0x0000000088b80000)
 Metaspace       used 63853K, committed 65472K, reserved 1114112K
  class space    used 6757K, committed 7488K, reserved 1048576K
}
Event: 37.855 GC heap after
{Heap after GC invocations=145 (full 3):
 PSYoungGen      total 8192K, used 405K [0x00000000d5580000, 0x00000000d5f00000, 0x0000000100000000)
  eden space 7680K, 0% used [0x00000000d5580000,0x00000000d5580000,0x00000000d5d00000)
  from space 512K, 79% used [0x00000000d5e80000,0x00000000d5ee54b8,0x00000000d5f00000)
  to   space 512K, 0% used [0x00000000d5e00000,0x00000000d5e00000,0x00000000d5e80000)
 ParOldGen       total 142848K, used 118103K [0x0000000080000000, 0x0000000088b80000, 0x00000000d5580000)
  object space 142848K, 82% used [0x0000000080000000,0x0000000087355f18,0x0000000088b80000)
 Metaspace       used 63853K, committed 65472K, reserved 1114112K
  class space    used 6757K, committed 7488K, reserved 1048576K
}
Event: 38.081 GC heap before
{Heap before GC invocations=146 (full 3):
 PSYoungGen      total 8192K, used 8085K [0x00000000d5580000, 0x00000000d5f00000, 0x0000000100000000)
  eden space 7680K, 100% used [0x00000000d5580000,0x00000000d5d00000,0x00000000d5d00000)
  from space 512K, 79% used [0x00000000d5e80000,0x00000000d5ee54b8,0x00000000d5f00000)
  to   space 512K, 0% used [0x00000000d5e00000,0x00000000d5e00000,0x00000000d5e80000)
 ParOldGen       total 142848K, used 118103K [0x0000000080000000, 0x0000000088b80000, 0x00000000d5580000)
  object space 142848K, 82% used [0x0000000080000000,0x0000000087355f18,0x0000000088b80000)
 Metaspace       used 64085K, committed 65664K, reserved 1114112K
  class space    used 6765K, committed 7488K, reserved 1048576K
}
Event: 38.082 GC heap after
{Heap after GC invocations=146 (full 3):
 PSYoungGen      total 8192K, used 192K [0x00000000d5580000, 0x00000000d5f00000, 0x0000000100000000)
  eden space 7680K, 0% used [0x00000000d5580000,0x00000000d5580000,0x00000000d5d00000)
  from space 512K, 37% used [0x00000000d5e00000,0x00000000d5e30000,0x00000000d5e80000)
  to   space 512K, 0% used [0x00000000d5e80000,0x00000000d5e80000,0x00000000d5f00000)
 ParOldGen       total 142848K, used 118365K [0x0000000080000000, 0x0000000088b80000, 0x00000000d5580000)
  object space 142848K, 82% used [0x0000000080000000,0x0000000087397558,0x0000000088b80000)
 Metaspace       used 64085K, committed 65664K, reserved 1114112K
  class space    used 6765K, committed 7488K, reserved 1048576K
}
Event: 7592.597 GC heap before
{Heap before GC invocations=147 (full 3):
 PSYoungGen      total 8192K, used 7872K [0x00000000d5580000, 0x00000000d5f00000, 0x0000000100000000)
  eden space 7680K, 100% used [0x00000000d5580000,0x00000000d5d00000,0x00000000d5d00000)
  from space 512K, 37% used [0x00000000d5e00000,0x00000000d5e30000,0x00000000d5e80000)
  to   space 512K, 0% used [0x00000000d5e80000,0x00000000d5e80000,0x00000000d5f00000)
 ParOldGen       total 142848K, used 118365K [0x0000000080000000, 0x0000000088b80000, 0x00000000d5580000)
  object space 142848K, 82% used [0x0000000080000000,0x0000000087397558,0x0000000088b80000)
 Metaspace       used 64737K, committed 66304K, reserved 1114112K
  class space    used 6821K, committed 7488K, reserved 1048576K
}
Event: 7592.621 GC heap after
{Heap after GC invocations=147 (full 3):
 PSYoungGen      total 8192K, used 480K [0x00000000d5580000, 0x00000000d5f00000, 0x0000000100000000)
  eden space 7680K, 0% used [0x00000000d5580000,0x00000000d5580000,0x00000000d5d00000)
  from space 512K, 93% used [0x00000000d5e80000,0x00000000d5ef8020,0x00000000d5f00000)
  to   space 1024K, 0% used [0x00000000d5d00000,0x00000000d5d00000,0x00000000d5e00000)
 ParOldGen       total 142848K, used 118469K [0x0000000080000000, 0x0000000088b80000, 0x00000000d5580000)
  object space 142848K, 82% used [0x0000000080000000,0x00000000873b1558,0x0000000088b80000)
 Metaspace       used 64737K, committed 66304K, reserved 1114112K
  class space    used 6821K, committed 7488K, reserved 1048576K
}
Event: 7906.687 GC heap before
{Heap before GC invocations=148 (full 3):
 PSYoungGen      total 8192K, used 8160K [0x00000000d5580000, 0x00000000d5f00000, 0x0000000100000000)
  eden space 7680K, 100% used [0x00000000d5580000,0x00000000d5d00000,0x00000000d5d00000)
  from space 512K, 93% used [0x00000000d5e80000,0x00000000d5ef8020,0x00000000d5f00000)
  to   space 1024K, 0% used [0x00000000d5d00000,0x00000000d5d00000,0x00000000d5e00000)
 ParOldGen       total 142848K, used 118469K [0x0000000080000000, 0x0000000088b80000, 0x00000000d5580000)
  object space 142848K, 82% used [0x0000000080000000,0x00000000873b1558,0x0000000088b80000)
 Metaspace       used 65597K, committed 67136K, reserved 1114112K
  class space    used 6892K, committed 7552K, reserved 1048576K
}
Event: 7906.690 GC heap after
{Heap after GC invocations=148 (full 3):
 PSYoungGen      total 8704K, used 480K [0x00000000d5580000, 0x00000000d5f00000, 0x0000000100000000)
  eden space 7680K, 0% used [0x00000000d5580000,0x00000000d5580000,0x00000000d5d00000)
  from space 1024K, 46% used [0x00000000d5d00000,0x00000000d5d78000,0x00000000d5e00000)
  to   space 512K, 0% used [0x00000000d5e80000,0x00000000d5e80000,0x00000000d5f00000)
 ParOldGen       total 142848K, used 118853K [0x0000000080000000, 0x0000000088b80000, 0x00000000d5580000)
  object space 142848K, 83% used [0x0000000080000000,0x0000000087411578,0x0000000088b80000)
 Metaspace       used 65597K, committed 67136K, reserved 1114112K
  class space    used 6892K, committed 7552K, reserved 1048576K
}
Event: 7907.340 GC heap before
{Heap before GC invocations=149 (full 3):
 PSYoungGen      total 8704K, used 8160K [0x00000000d5580000, 0x00000000d5f00000, 0x0000000100000000)
  eden space 7680K, 100% used [0x00000000d5580000,0x00000000d5d00000,0x00000000d5d00000)
  from space 1024K, 46% used [0x00000000d5d00000,0x00000000d5d78000,0x00000000d5e00000)
  to   space 512K, 0% used [0x00000000d5e80000,0x00000000d5e80000,0x00000000d5f00000)
 ParOldGen       total 142848K, used 118853K [0x0000000080000000, 0x0000000088b80000, 0x00000000d5580000)
  object space 142848K, 83% used [0x0000000080000000,0x0000000087411578,0x0000000088b80000)
 Metaspace       used 66007K, committed 67584K, reserved 1114112K
  class space    used 6921K, committed 7616K, reserved 1048576K
}
Event: 7907.343 GC heap after
{Heap after GC invocations=149 (full 3):
 PSYoungGen      total 7680K, used 506K [0x00000000d5580000, 0x00000000d6100000, 0x0000000100000000)
  eden space 7168K, 0% used [0x00000000d5580000,0x00000000d5580000,0x00000000d5c80000)
  from space 512K, 98% used [0x00000000d5e80000,0x00000000d5efe910,0x00000000d5f00000)
  to   space 2048K, 0% used [0x00000000d5c80000,0x00000000d5c80000,0x00000000d5e80000)
 ParOldGen       total 142848K, used 119757K [0x0000000080000000, 0x0000000088b80000, 0x00000000d5580000)
  object space 142848K, 83% used [0x0000000080000000,0x00000000874f34f8,0x0000000088b80000)
 Metaspace       used 66007K, committed 67584K, reserved 1114112K
  class space    used 6921K, committed 7616K, reserved 1048576K
}

